c:\users\nadir\source\shapr3d\3dconverter\debug\vertex.obj
c:\users\nadir\source\shapr3d\3dconverter\debug\mesh3d.obj
c:\users\nadir\source\shapr3d\3dconverter\debug\factory.obj
c:\users\nadir\source\shapr3d\3dconverter\debug\serializer.obj
c:\users\nadir\source\shapr3d\3dconverter\debug\deserializer.obj
c:\users\nadir\source\shapr3d\3dconverter\debug\main.obj
c:\users\nadir\source\shapr3d\3dconverter\debug\face.obj
c:\users\nadir\source\shapr3d\3dconverter\debug\converter.obj
c:\users\nadir\source\shapr3d\3dconverter\debug\3dconverter.tlog\clang-cl.10216.delete.1.tlog
c:\users\nadir\source\shapr3d\3dconverter\debug\3dconverter.tlog\clang-cl.10216.write.1.tlog
c:\users\nadir\source\shapr3d\3dconverter\debug\3dconverter.tlog\clang-cl.15396.delete.1.tlog
c:\users\nadir\source\shapr3d\3dconverter\debug\3dconverter.tlog\clang-cl.1564.delete.1.tlog
c:\users\nadir\source\shapr3d\3dconverter\debug\3dconverter.tlog\clang-cl.18732.delete.1.tlog
c:\users\nadir\source\shapr3d\3dconverter\debug\3dconverter.tlog\clang-cl.2796.delete.1.tlog
c:\users\nadir\source\shapr3d\3dconverter\debug\3dconverter.tlog\clang-cl.3028.delete.1.tlog
c:\users\nadir\source\shapr3d\3dconverter\debug\3dconverter.tlog\clang-cl.6136.delete.1.tlog
c:\users\nadir\source\shapr3d\3dconverter\debug\3dconverter.tlog\clang-cl.8808.delete.1.tlog
c:\users\nadir\source\shapr3d\3dconverter\debug\3dconverter.tlog\clang-cl.command.1.tlog
c:\users\nadir\source\shapr3d\3dconverter\debug\3dconverter.tlog\clang-cl.read.1.tlog
c:\users\nadir\source\shapr3d\3dconverter\debug\3dconverter.tlog\lld-link.command.1.tlog
c:\users\nadir\source\shapr3d\3dconverter\debug\3dconverter.tlog\lld-link.read.1.tlog
c:\users\nadir\source\shapr3d\3dconverter\debug\3dconverter.tlog\lld-link.read.2.tlog
c:\users\nadir\source\shapr3d\3dconverter\debug\3dconverter.tlog\lld-link.write.1.tlog
